Build started 10/13/2015 7:41:10 AM.
     1>Project "C:\Users\srmeier\Documents\Visual Studio 2015\Projects\Prototype\Prototype.vcxproj" on node 2 (Build target(s)).
     1>Link:
         C:\Program Files (x86)\Microsoft Visual Studio 14.0\VC\bin\link.exe /ERRORREPORT:PROMPT /OUT:"bin\Prototype.exe" /NOLOGO /LIBPATH:external\lib\ SDL2.lib SDL2main.lib SDL2_ttf.lib SDL2_net.lib SDL2_mixer.lib SDL2_image.lib kernel32.lib user32.lib gdi32.lib winspool.lib comdlg32.lib advapi32.lib shell32.lib ole32.lib oleaut32.lib uuid.lib odbc32.lib odbccp32.lib /MANIFEST /MANIFESTUAC:"level='asInvoker' uiAccess='false'" /manifest:embed /Debug /PDB:"bin\Prototype.pdb" /SUBSYSTEM:CONSOLE /OPT:REF /OPT:ICF /LTCG:incremental /TLBID:1 /DYNAMICBASE /NXCOMPAT /IMPLIB:"bin\Prototype.lib" /MACHINE:X86 /SAFESEH /NODEFAULTLIB:msvcrt.lib /IGNORE:4049 bin\AdBase.obj
         bin\AdLevel.obj
         bin\AdEntity.obj
         bin\AdMoveable.obj
         bin\AdPlayer.obj
         bin\AdScreen.obj
         bin\AdSpriteManager.obj
         bin\AdTiledManager.obj
         bin\Duktape.obj
         bin\Main.obj
         Generating code
         0 of 997 functions ( 0.0%) were compiled, the rest were copied from previous compilation.
           0 functions were new in current compilation
           0 functions had inline decision re-evaluated but remain unchanged
         Finished generating code
         Prototype.vcxproj -> C:\Users\srmeier\Documents\Visual Studio 2015\Projects\Prototype\bin\Prototype.exe
     1>Done Building Project "C:\Users\srmeier\Documents\Visual Studio 2015\Projects\Prototype\Prototype.vcxproj" (Build target(s)).

Build succeeded.

Time Elapsed 00:00:00.75
